TN:
SF:src/App.tsx
FN:31,App
FN:35,(anonymous_1)
FN:43,(anonymous_2)
FN:44,(anonymous_3)
FN:45,(anonymous_4)
FN:48,(anonymous_5)
FN:53,(anonymous_6)
FN:71,(anonymous_7)
FN:75,(anonymous_8)
FN:77,(anonymous_9)
FN:81,(anonymous_10)
FN:83,(anonymous_11)
FN:84,(anonymous_12)
FN:86,(anonymous_13)
FN:98,(anonymous_14)
FN:103,(anonymous_15)
FN:111,(anonymous_16)
FN:112,(anonymous_17)
FN:113,(anonymous_18)
FN:114,(anonymous_19)
FN:118,(anonymous_20)
FN:126,(anonymous_21)
FN:133,(anonymous_22)
FN:142,(anonymous_23)
FN:142,(anonymous_24)
FN:147,(anonymous_25)
FN:152,(anonymous_26)
FN:159,(anonymous_27)
FN:160,(anonymous_28)
FN:169,(anonymous_29)
FN:170,(anonymous_30)
FN:173,(anonymous_31)
FN:185,(anonymous_32)
FN:186,(anonymous_33)
FN:197,(anonymous_34)
FN:239,(anonymous_35)
FN:270,(anonymous_36)
FN:271,(anonymous_37)
FN:275,(anonymous_38)
FN:276,(anonymous_39)
FN:278,(anonymous_40)
FN:311,(anonymous_41)
FN:316,(anonymous_42)
FN:324,(anonymous_43)
FN:330,(anonymous_44)
FN:332,(anonymous_45)
FN:337,(anonymous_46)
FN:339,(anonymous_47)
FN:341,(anonymous_48)
FN:341,(anonymous_49)
FN:344,(anonymous_50)
FN:345,(anonymous_51)
FN:346,(anonymous_52)
FN:350,(anonymous_53)
FN:357,(anonymous_54)
FN:358,(anonymous_55)
FN:362,(anonymous_56)
FN:364,(anonymous_57)
FN:365,(anonymous_58)
FN:366,(anonymous_59)
FN:372,(anonymous_60)
FN:373,(anonymous_61)
FN:376,(anonymous_62)
FN:380,(anonymous_63)
FN:384,(anonymous_64)
FN:388,(anonymous_65)
FN:389,(anonymous_66)
FN:392,(anonymous_67)
FN:393,(anonymous_68)
FN:396,(anonymous_69)
FN:397,(anonymous_70)
FN:400,(anonymous_71)
FN:401,(anonymous_72)
FN:407,(anonymous_73)
FN:407,(anonymous_74)
FN:408,(anonymous_75)
FN:409,(anonymous_76)
FN:414,(anonymous_77)
FN:422,(anonymous_78)
FN:430,(anonymous_79)
FN:430,(anonymous_80)
FN:431,(anonymous_81)
FN:432,(anonymous_82)
FN:434,(anonymous_83)
FN:435,(anonymous_84)
FN:437,(anonymous_85)
FN:458,(anonymous_86)
FN:461,(anonymous_87)
FN:463,(anonymous_88)
FN:464,(anonymous_89)
FN:470,(anonymous_90)
FN:472,(anonymous_91)
FN:478,(anonymous_92)
FN:488,(anonymous_93)
FN:513,(anonymous_94)
FN:531,(anonymous_95)
FN:534,(anonymous_96)
FN:535,(anonymous_97)
FN:549,(anonymous_98)
FN:551,(anonymous_99)
FN:556,(anonymous_100)
FN:571,(anonymous_101)
FN:577,(anonymous_102)
FN:579,(anonymous_103)
FN:580,(anonymous_104)
FN:589,(anonymous_105)
FN:595,(anonymous_106)
FN:596,(anonymous_107)
FN:604,(anonymous_108)
FN:633,(anonymous_109)
FN:639,(anonymous_110)
FN:659,(anonymous_111)
FN:661,(anonymous_112)
FN:662,(anonymous_113)
FN:670,(anonymous_114)
FN:677,(anonymous_115)
FN:677,(anonymous_116)
FN:678,(anonymous_117)
FN:679,(anonymous_118)
FN:681,(anonymous_119)
FN:684,(anonymous_120)
FN:690,(anonymous_121)
FN:692,(anonymous_122)
FN:693,(anonymous_123)
FN:697,(anonymous_124)
FN:699,(anonymous_125)
FN:703,(anonymous_126)
FNF:127
FNH:0
FNDA:0,App
FNDA:0,(anonymous_1)
FNDA:0,(anonymous_2)
FNDA:0,(anonymous_3)
FNDA:0,(anonymous_4)
FNDA:0,(anonymous_5)
FNDA:0,(anonymous_6)
FNDA:0,(anonymous_7)
FNDA:0,(anonymous_8)
FNDA:0,(anonymous_9)
FNDA:0,(anonymous_10)
FNDA:0,(anonymous_11)
FNDA:0,(anonymous_12)
FNDA:0,(anonymous_13)
FNDA:0,(anonymous_14)
FNDA:0,(anonymous_15)
FNDA:0,(anonymous_16)
FNDA:0,(anonymous_17)
FNDA:0,(anonymous_18)
FNDA:0,(anonymous_19)
FNDA:0,(anonymous_20)
FNDA:0,(anonymous_21)
FNDA:0,(anonymous_22)
FNDA:0,(anonymous_23)
FNDA:0,(anonymous_24)
FNDA:0,(anonymous_25)
FNDA:0,(anonymous_26)
FNDA:0,(anonymous_27)
FNDA:0,(anonymous_28)
FNDA:0,(anonymous_29)
FNDA:0,(anonymous_30)
FNDA:0,(anonymous_31)
FNDA:0,(anonymous_32)
FNDA:0,(anonymous_33)
FNDA:0,(anonymous_34)
FNDA:0,(anonymous_35)
FNDA:0,(anonymous_36)
FNDA:0,(anonymous_37)
FNDA:0,(anonymous_38)
FNDA:0,(anonymous_39)
FNDA:0,(anonymous_40)
FNDA:0,(anonymous_41)
FNDA:0,(anonymous_42)
FNDA:0,(anonymous_43)
FNDA:0,(anonymous_44)
FNDA:0,(anonymous_45)
FNDA:0,(anonymous_46)
FNDA:0,(anonymous_47)
FNDA:0,(anonymous_48)
FNDA:0,(anonymous_49)
FNDA:0,(anonymous_50)
FNDA:0,(anonymous_51)
FNDA:0,(anonymous_52)
FNDA:0,(anonymous_53)
FNDA:0,(anonymous_54)
FNDA:0,(anonymous_55)
FNDA:0,(anonymous_56)
FNDA:0,(anonymous_57)
FNDA:0,(anonymous_58)
FNDA:0,(anonymous_59)
FNDA:0,(anonymous_60)
FNDA:0,(anonymous_61)
FNDA:0,(anonymous_62)
FNDA:0,(anonymous_63)
FNDA:0,(anonymous_64)
FNDA:0,(anonymous_65)
FNDA:0,(anonymous_66)
FNDA:0,(anonymous_67)
FNDA:0,(anonymous_68)
FNDA:0,(anonymous_69)
FNDA:0,(anonymous_70)
FNDA:0,(anonymous_71)
FNDA:0,(anonymous_72)
FNDA:0,(anonymous_73)
FNDA:0,(anonymous_74)
FNDA:0,(anonymous_75)
FNDA:0,(anonymous_76)
FNDA:0,(anonymous_77)
FNDA:0,(anonymous_78)
FNDA:0,(anonymous_79)
FNDA:0,(anonymous_80)
FNDA:0,(anonymous_81)
FNDA:0,(anonymous_82)
FNDA:0,(anonymous_83)
FNDA:0,(anonymous_84)
FNDA:0,(anonymous_85)
FNDA:0,(anonymous_86)
FNDA:0,(anonymous_87)
FNDA:0,(anonymous_88)
FNDA:0,(anonymous_89)
FNDA:0,(anonymous_90)
FNDA:0,(anonymous_91)
FNDA:0,(anonymous_92)
FNDA:0,(anonymous_93)
FNDA:0,(anonymous_94)
FNDA:0,(anonymous_95)
FNDA:0,(anonymous_96)
FNDA:0,(anonymous_97)
FNDA:0,(anonymous_98)
FNDA:0,(anonymous_99)
FNDA:0,(anonymous_100)
FNDA:0,(anonymous_101)
FNDA:0,(anonymous_102)
FNDA:0,(anonymous_103)
FNDA:0,(anonymous_104)
FNDA:0,(anonymous_105)
FNDA:0,(anonymous_106)
FNDA:0,(anonymous_107)
FNDA:0,(anonymous_108)
FNDA:0,(anonymous_109)
FNDA:0,(anonymous_110)
FNDA:0,(anonymous_111)
FNDA:0,(anonymous_112)
FNDA:0,(anonymous_113)
FNDA:0,(anonymous_114)
FNDA:0,(anonymous_115)
FNDA:0,(anonymous_116)
FNDA:0,(anonymous_117)
FNDA:0,(anonymous_118)
FNDA:0,(anonymous_119)
FNDA:0,(anonymous_120)
FNDA:0,(anonymous_121)
FNDA:0,(anonymous_122)
FNDA:0,(anonymous_123)
FNDA:0,(anonymous_124)
FNDA:0,(anonymous_125)
FNDA:0,(anonymous_126)
DA:32,0
DA:33,0
DA:34,0
DA:35,0
DA:36,0
DA:37,0
DA:38,0
DA:39,0
DA:41,0
DA:43,0
DA:44,0
DA:45,0
DA:47,0
DA:48,0
DA:53,0
DA:54,0
DA:55,0
DA:56,0
DA:57,0
DA:58,0
DA:59,0
DA:60,0
DA:61,0
DA:62,0
DA:63,0
DA:65,0
DA:69,0
DA:71,0
DA:72,0
DA:73,0
DA:74,0
DA:75,0
DA:77,0
DA:78,0
DA:81,0
DA:83,0
DA:84,0
DA:85,0
DA:86,0
DA:88,0
DA:89,0
DA:90,0
DA:91,0
DA:93,0
DA:98,0
DA:99,0
DA:103,0
DA:104,0
DA:105,0
DA:106,0
DA:107,0
DA:109,0
DA:110,0
DA:111,0
DA:112,0
DA:113,0
DA:114,0
DA:115,0
DA:116,0
DA:118,0
DA:119,0
DA:120,0
DA:122,0
DA:126,0
DA:127,0
DA:130,0
DA:131,0
DA:132,0
DA:133,0
DA:134,0
DA:137,0
DA:138,0
DA:140,0
DA:141,0
DA:142,0
DA:144,0
DA:145,0
DA:147,0
DA:149,0
DA:151,0
DA:152,0
DA:154,0
DA:155,0
DA:159,0
DA:160,0
DA:161,0
DA:162,0
DA:163,0
DA:164,0
DA:165,0
DA:166,0
DA:169,0
DA:170,0
DA:173,0
DA:184,0
DA:185,0
DA:186,0
DA:188,0
DA:189,0
DA:190,0
DA:191,0
DA:192,0
DA:197,0
DA:198,0
DA:199,0
DA:200,0
DA:203,0
DA:204,0
DA:205,0
DA:206,0
DA:210,0
DA:211,0
DA:212,0
DA:213,0
DA:214,0
DA:215,0
DA:216,0
DA:217,0
DA:220,0
DA:225,0
DA:228,0
DA:229,0
DA:230,0
DA:231,0
DA:232,0
DA:233,0
DA:236,0
DA:239,0
DA:240,0
DA:241,0
DA:242,0
DA:243,0
DA:244,0
DA:247,0
DA:259,0
DA:260,0
DA:261,0
DA:262,0
DA:263,0
DA:264,0
DA:270,0
DA:271,0
DA:275,0
DA:276,0
DA:277,0
DA:282,0
DA:283,0
DA:284,0
DA:285,0
DA:288,0
DA:291,0
DA:292,0
DA:293,0
DA:294,0
DA:295,0
DA:296,0
DA:297,0
DA:298,0
DA:299,0
DA:302,0
DA:303,0
DA:306,0
DA:307,0
DA:311,0
DA:312,0
DA:313,0
DA:316,0
DA:319,0
DA:320,0
DA:321,0
DA:322,0
DA:323,0
DA:324,0
DA:325,0
DA:326,0
DA:329,0
DA:330,0
DA:331,0
DA:332,0
DA:333,0
DA:334,0
DA:335,0
DA:339,0
DA:341,0
DA:344,0
DA:345,0
DA:346,0
DA:350,0
DA:352,0
DA:353,0
DA:354,0
DA:356,0
DA:357,0
DA:358,0
DA:362,0
DA:364,0
DA:365,0
DA:366,0
DA:367,0
DA:369,0
DA:372,0
DA:373,0
DA:376,0
DA:377,0
DA:380,0
DA:381,0
DA:384,0
DA:385,0
DA:388,0
DA:390,0
DA:393,0
DA:394,0
DA:397,0
DA:398,0
DA:400,0
DA:402,0
DA:403,0
DA:404,0
DA:405,0
DA:407,0
DA:408,0
DA:410,0
DA:411,0
DA:412,0
DA:415,0
DA:416,0
DA:417,0
DA:418,0
DA:419,0
DA:420,0
DA:423,0
DA:424,0
DA:425,0
DA:426,0
DA:427,0
DA:428,0
DA:430,0
DA:432,0
DA:435,0
DA:438,0
DA:439,0
DA:440,0
DA:441,0
DA:445,0
DA:447,0
DA:458,0
DA:462,0
DA:463,0
DA:464,0
DA:465,0
DA:466,0
DA:467,0
DA:469,0
DA:470,0
DA:473,0
DA:474,0
DA:475,0
DA:478,0
DA:489,0
DA:513,0
DA:532,0
DA:534,0
DA:535,0
DA:549,0
DA:552,0
DA:553,0
DA:554,0
DA:556,0
DA:571,0
DA:577,0
DA:579,0
DA:580,0
DA:589,0
DA:595,0
DA:596,0
DA:605,0
DA:606,0
DA:607,0
DA:633,0
DA:640,0
DA:659,0
DA:661,0
DA:662,0
DA:670,0
DA:677,0
DA:679,0
DA:680,0
DA:681,0
DA:682,0
DA:684,0
DA:691,0
DA:692,0
DA:693,0
DA:695,0
DA:697,0
DA:698,0
DA:699,0
DA:700,0
DA:704,0
DA:705,0
LF:300
LH:0
BRDA:38,0,0,0
BRDA:38,0,1,0
BRDA:43,1,0,0
BRDA:43,1,1,0
BRDA:47,2,0,0
BRDA:47,2,1,0
BRDA:47,3,0,0
BRDA:47,3,1,0
BRDA:57,4,0,0
BRDA:57,4,1,0
BRDA:63,5,0,0
BRDA:63,5,1,0
BRDA:72,6,0,0
BRDA:72,6,1,0
BRDA:75,7,0,0
BRDA:75,7,1,0
BRDA:85,8,0,0
BRDA:85,8,1,0
BRDA:88,9,0,0
BRDA:88,9,1,0
BRDA:90,10,0,0
BRDA:90,10,1,0
BRDA:106,11,0,0
BRDA:106,11,1,0
BRDA:111,12,0,0
BRDA:111,12,1,0
BRDA:119,13,0,0
BRDA:119,13,1,0
BRDA:119,14,0,0
BRDA:119,14,1,0
BRDA:134,15,0,0
BRDA:134,15,1,0
BRDA:142,16,0,0
BRDA:142,16,1,0
BRDA:149,17,0,0
BRDA:149,17,1,0
BRDA:152,18,0,0
BRDA:152,18,1,0
BRDA:165,19,0,0
BRDA:165,19,1,0
BRDA:165,20,0,0
BRDA:165,20,1,0
BRDA:175,21,0,0
BRDA:175,21,1,0
BRDA:178,22,0,0
BRDA:178,22,1,0
BRDA:179,23,0,0
BRDA:179,23,1,0
BRDA:190,24,0,0
BRDA:190,24,1,0
BRDA:192,25,0,0
BRDA:192,25,1,0
BRDA:198,26,0,0
BRDA:198,26,1,0
BRDA:199,27,0,0
BRDA:199,27,1,0
BRDA:204,28,0,0
BRDA:204,28,1,0
BRDA:210,29,0,0
BRDA:210,29,1,0
BRDA:214,30,0,0
BRDA:214,30,1,0
BRDA:215,31,0,0
BRDA:215,31,1,0
BRDA:216,32,0,0
BRDA:216,32,1,0
BRDA:231,33,0,0
BRDA:231,33,1,0
BRDA:231,34,0,0
BRDA:231,34,1,0
BRDA:233,35,0,0
BRDA:233,35,1,0
BRDA:242,36,0,0
BRDA:242,36,1,0
BRDA:244,37,0,0
BRDA:244,37,1,0
BRDA:259,38,0,0
BRDA:259,38,1,0
BRDA:262,39,0,0
BRDA:262,39,1,0
BRDA:277,40,0,0
BRDA:277,40,1,0
BRDA:321,41,0,0
BRDA:321,41,1,0
BRDA:322,42,0,0
BRDA:322,42,1,0
BRDA:323,43,0,0
BRDA:323,43,1,0
BRDA:325,44,0,0
BRDA:325,44,1,0
BRDA:329,45,0,0
BRDA:329,45,1,0
BRDA:331,46,0,0
BRDA:331,46,1,0
BRDA:333,47,0,0
BRDA:333,47,1,0
BRDA:346,48,0,0
BRDA:346,48,1,0
BRDA:353,49,0,0
BRDA:353,49,1,0
BRDA:353,50,0,0
BRDA:353,50,1,0
BRDA:367,51,0,0
BRDA:367,51,1,0
BRDA:367,52,0,0
BRDA:367,52,1,0
BRDA:385,53,0,0
BRDA:385,53,1,0
BRDA:390,54,0,0
BRDA:390,54,1,0
BRDA:394,55,0,0
BRDA:394,55,1,0
BRDA:398,56,0,0
BRDA:398,56,1,0
BRDA:402,57,0,0
BRDA:402,57,1,0
BRDA:408,58,0,0
BRDA:408,58,1,0
BRDA:410,59,0,0
BRDA:410,59,1,0
BRDA:412,60,0,0
BRDA:412,60,1,0
BRDA:415,61,0,0
BRDA:415,61,1,0
BRDA:416,62,0,0
BRDA:416,62,1,0
BRDA:420,63,0,0
BRDA:420,63,1,0
BRDA:423,64,0,0
BRDA:423,64,1,0
BRDA:424,65,0,0
BRDA:424,65,1,0
BRDA:428,66,0,0
BRDA:428,66,1,0
BRDA:432,67,0,0
BRDA:432,67,1,0
BRDA:435,68,0,0
BRDA:435,68,1,0
BRDA:438,69,0,0
BRDA:438,69,1,0
BRDA:439,70,0,0
BRDA:439,70,1,0
BRDA:440,71,0,0
BRDA:440,71,1,0
BRDA:441,72,0,0
BRDA:441,72,1,0
BRDA:451,73,0,0
BRDA:451,73,1,0
BRDA:483,74,0,0
BRDA:483,74,1,0
BRDA:492,75,0,0
BRDA:492,75,1,0
BRDA:518,76,0,0
BRDA:518,76,1,0
BRDA:520,77,0,0
BRDA:520,77,1,0
BRDA:531,78,0,0
BRDA:531,78,1,0
BRDA:534,79,0,0
BRDA:534,79,1,0
BRDA:534,80,0,0
BRDA:534,80,1,0
BRDA:540,81,0,0
BRDA:540,81,1,0
BRDA:542,82,0,0
BRDA:542,82,1,0
BRDA:545,83,0,0
BRDA:545,83,1,0
BRDA:552,84,0,0
BRDA:552,84,1,0
BRDA:553,85,0,0
BRDA:553,85,1,0
BRDA:628,86,0,0
BRDA:628,86,1,0
BRDA:629,87,0,0
BRDA:629,87,1,0
BRDA:632,88,0,0
BRDA:632,88,1,0
BRDA:634,89,0,0
BRDA:634,89,1,0
BRDA:639,90,0,0
BRDA:639,90,1,0
BRDA:640,91,0,0
BRDA:640,91,1,0
BRDA:642,92,0,0
BRDA:642,92,1,0
BRDA:656,93,0,0
BRDA:656,93,1,0
BRDA:665,94,0,0
BRDA:665,94,1,0
BRDA:673,95,0,0
BRDA:673,95,1,0
BRDA:687,96,0,0
BRDA:687,96,1,0
BRDA:689,97,0,0
BRDA:689,97,1,0
BRDA:691,98,0,0
BRDA:691,98,1,0
BRDA:693,99,0,0
BRDA:693,99,1,0
BRF:200
BRH:0
end_of_record
TN:
SF:src/SettingsContext.tsx
FN:25,SettingsProvider
FN:30,(anonymous_1)
FN:32,(anonymous_2)
FN:44,(anonymous_3)
FN:47,(anonymous_4)
FN:48,(anonymous_5)
FN:56,(anonymous_6)
FN:57,(anonymous_7)
FN:64,(anonymous_8)
FN:65,(anonymous_9)
FN:73,(anonymous_10)
FN:98,(anonymous_11)
FNF:12
FNH:0
FNDA:0,SettingsProvider
FNDA:0,(anonymous_1)
FNDA:0,(anonymous_2)
FNDA:0,(anonymous_3)
FNDA:0,(anonymous_4)
FNDA:0,(anonymous_5)
FNDA:0,(anonymous_6)
FNDA:0,(anonymous_7)
FNDA:0,(anonymous_8)
FNDA:0,(anonymous_9)
FNDA:0,(anonymous_10)
FNDA:0,(anonymous_11)
DA:23,0
DA:26,0
DA:27,0
DA:28,0
DA:30,0
DA:31,0
DA:32,0
DA:36,0
DA:37,0
DA:38,0
DA:39,0
DA:40,0
DA:41,0
DA:44,0
DA:47,0
DA:48,0
DA:49,0
DA:50,0
DA:51,0
DA:52,0
DA:56,0
DA:57,0
DA:58,0
DA:59,0
DA:60,0
DA:64,0
DA:65,0
DA:66,0
DA:67,0
DA:68,0
DA:69,0
DA:73,0
DA:74,0
DA:75,0
DA:80,0
DA:82,0
DA:98,0
LF:37
LH:0
BRDA:38,0,0,0
BRDA:38,0,1,0
BRDA:49,1,0,0
BRDA:49,1,1,0
BRDA:74,2,0,0
BRDA:74,2,1,0
BRDA:80,3,0,0
BRDA:80,3,1,0
BRF:8
BRH:0
end_of_record
TN:
SF:src/ThemeContext.tsx
FN:14,applyScheme
FN:31,ThemeProvider
FN:33,(anonymous_2)
FN:40,(anonymous_3)
FN:44,(anonymous_4)
FN:56,(anonymous_5)
FNF:6
FNH:0
FNDA:0,applyScheme
FNDA:0,ThemeProvider
FNDA:0,(anonymous_2)
FNDA:0,(anonymous_3)
FNDA:0,(anonymous_4)
FNDA:0,(anonymous_5)
DA:12,0
DA:15,0
DA:16,0
DA:17,0
DA:18,0
DA:19,0
DA:20,0
DA:21,0
DA:22,0
DA:23,0
DA:24,0
DA:25,0
DA:26,0
DA:27,0
DA:28,0
DA:33,0
DA:34,0
DA:35,0
DA:38,0
DA:40,0
DA:41,0
DA:44,0
DA:45,0
DA:46,0
DA:49,0
DA:56,0
LF:26
LH:0
BRDA:35,0,0,0
BRDA:35,0,1,0
BRDA:35,1,0,0
BRDA:35,1,1,0
BRDA:38,2,0,0
BRDA:38,2,1,0
BRF:6
BRH:0
end_of_record
TN:
SF:src/constants.ts
FNF:0
FNH:0
DA:3,1
DA:6,1
DA:7,1
DA:8,1
DA:11,1
DA:12,1
DA:13,1
DA:16,1
DA:17,1
DA:18,1
DA:19,1
DA:20,1
DA:21,1
DA:22,1
DA:23,1
DA:26,1
DA:27,1
LF:17
LH:17
BRF:0
BRH:0
end_of_record
TN:
SF:src/settings.ts
FN:45,loadGlobalSettings
FN:54,saveGlobalSettings
FN:59,loadAgentOverrides
FN:77,saveAgentOverrides
FNF:4
FNH:0
FNDA:0,loadGlobalSettings
FNDA:0,saveGlobalSettings
FNDA:0,loadAgentOverrides
FNDA:0,saveAgentOverrides
DA:23,0
DA:38,0
DA:46,0
DA:47,0
DA:48,0
DA:49,0
DA:51,0
DA:55,0
DA:61,0
DA:62,0
DA:63,0
DA:64,0
DA:65,0
DA:66,0
DA:67,0
DA:70,0
DA:71,0
DA:72,0
DA:74,0
DA:78,0
LF:20
LH:0
BRDA:49,0,0,0
BRDA:49,0,1,0
BRDA:62,1,0,0
BRDA:62,1,1,0
BRDA:72,2,0,0
BRDA:72,2,1,0
BRF:6
BRH:0
end_of_record
TN:
SF:src/storage.ts
FNF:0
FNH:0
LF:0
LH:0
BRF:0
BRH:0
end_of_record
TN:
SF:src/templates.ts
FN:21,loadTemplates
FN:34,saveTemplates
FN:38,addTemplate
FN:39,(anonymous_3)
FN:44,removeTemplate
FN:45,(anonymous_5)
FNF:6
FNH:6
FNDA:4,loadTemplates
FNDA:11,saveTemplates
FNDA:3,addTemplate
FNDA:5,(anonymous_3)
FNDA:4,removeTemplate
FNDA:5,(anonymous_5)
DA:12,1
DA:14,1
DA:22,4
DA:23,4
DA:24,4
DA:25,3
DA:26,3
DA:30,3
DA:31,3
DA:35,11
DA:39,5
DA:40,3
DA:41,3
DA:45,5
DA:46,4
DA:47,4
LF:16
LH:16
BRDA:24,0,0,3
BRDA:24,0,1,1
BRDA:26,1,0,1
BRDA:26,1,1,2
BRF:4
BRH:4
end_of_record
TN:
SF:src/theme.ts
FNF:0
FNH:0
DA:40,1
DA:282,1
LF:2
LH:2
BRF:0
BRH:0
end_of_record
TN:
SF:src/types.ts
FNF:0
FNH:0
LF:0
LH:0
BRF:0
BRH:0
end_of_record
TN:
SF:src/ui.ts
FN:42,(anonymous_0)
FN:46,(anonymous_1)
FN:52,(anonymous_2)
FN:55,(anonymous_3)
FN:60,(anonymous_4)
FN:63,(anonymous_5)
FNF:6
FNH:6
FNDA:1,(anonymous_0)
FNDA:1,(anonymous_1)
FNDA:1,(anonymous_2)
FNDA:1,(anonymous_3)
FNDA:2,(anonymous_4)
FNDA:1,(anonymous_5)
DA:7,1
DA:9,1
DA:21,1
DA:32,1
DA:42,1
DA:43,1
DA:44,1
DA:46,1
DA:47,1
DA:48,1
DA:52,1
DA:53,1
DA:55,1
DA:56,1
DA:60,1
DA:61,2
DA:63,1
DA:64,1
LF:18
LH:18
BRF:0
BRH:0
end_of_record
TN:
SF:src/components/AddPaneModal.tsx
FN:32,getSystemPromptInfo
FN:37,writeSystemPrompt
FN:41,(anonymous_2)
FN:44,AddPaneModal
FN:63,(anonymous_4)
FN:65,(anonymous_5)
FN:73,(anonymous_6)
FN:89,(anonymous_7)
FN:107,(anonymous_8)
FN:109,(anonymous_9)
FN:118,(anonymous_10)
FN:130,(anonymous_11)
FN:137,(anonymous_12)
FN:156,(anonymous_13)
FN:157,(anonymous_14)
FN:163,(anonymous_15)
FN:164,(anonymous_16)
FN:177,(anonymous_17)
FN:199,(anonymous_18)
FN:202,(anonymous_19)
FN:202,(anonymous_20)
FN:207,(anonymous_21)
FN:209,(anonymous_22)
FN:218,(anonymous_23)
FN:219,(anonymous_24)
FN:226,(anonymous_25)
FN:240,(anonymous_26)
FN:243,(anonymous_27)
FN:248,(anonymous_28)
FN:251,(anonymous_29)
FN:258,(anonymous_30)
FN:265,(anonymous_31)
FN:268,(anonymous_32)
FN:269,(anonymous_33)
FN:280,(anonymous_34)
FN:286,(anonymous_35)
FN:293,(anonymous_36)
FN:302,(anonymous_37)
FN:309,(anonymous_38)
FN:314,(anonymous_39)
FN:315,(anonymous_40)
FNF:41
FNH:0
FNDA:0,getSystemPromptInfo
FNDA:0,writeSystemPrompt
FNDA:0,(anonymous_2)
FNDA:0,AddPaneModal
FNDA:0,(anonymous_4)
FNDA:0,(anonymous_5)
FNDA:0,(anonymous_6)
FNDA:0,(anonymous_7)
FNDA:0,(anonymous_8)
FNDA:0,(anonymous_9)
FNDA:0,(anonymous_10)
FNDA:0,(anonymous_11)
FNDA:0,(anonymous_12)
FNDA:0,(anonymous_13)
FNDA:0,(anonymous_14)
FNDA:0,(anonymous_15)
FNDA:0,(anonymous_16)
FNDA:0,(anonymous_17)
FNDA:0,(anonymous_18)
FNDA:0,(anonymous_19)
FNDA:0,(anonymous_20)
FNDA:0,(anonymous_21)
FNDA:0,(anonymous_22)
FNDA:0,(anonymous_23)
FNDA:0,(anonymous_24)
FNDA:0,(anonymous_25)
FNDA:0,(anonymous_26)
FNDA:0,(anonymous_27)
FNDA:0,(anonymous_28)
FNDA:0,(anonymous_29)
FNDA:0,(anonymous_30)
FNDA:0,(anonymous_31)
FNDA:0,(anonymous_32)
FNDA:0,(anonymous_33)
FNDA:0,(anonymous_34)
FNDA:0,(anonymous_35)
FNDA:0,(anonymous_36)
FNDA:0,(anonymous_37)
FNDA:0,(anonymous_38)
FNDA:0,(anonymous_39)
FNDA:0,(anonymous_40)
DA:21,0
DA:26,0
DA:33,0
DA:34,0
DA:38,0
DA:39,0
DA:40,0
DA:41,0
DA:45,0
DA:46,0
DA:49,0
DA:50,0
DA:51,0
DA:52,0
DA:53,0
DA:54,0
DA:57,0
DA:58,0
DA:59,0
DA:60,0
DA:62,0
DA:63,0
DA:65,0
DA:66,0
DA:67,0
DA:68,0
DA:69,0
DA:72,0
DA:73,0
DA:74,0
DA:75,0
DA:76,0
DA:77,0
DA:78,0
DA:85,0
DA:86,0
DA:89,0
DA:90,0
DA:91,0
DA:92,0
DA:93,0
DA:100,0
DA:101,0
DA:104,0
DA:105,0
DA:107,0
DA:108,0
DA:109,0
DA:110,0
DA:112,0
DA:114,0
DA:119,0
DA:120,0
DA:121,0
DA:130,0
DA:137,0
DA:157,0
DA:163,0
DA:164,0
DA:177,0
DA:200,0
DA:202,0
DA:207,0
DA:210,0
DA:211,0
DA:212,0
DA:213,0
DA:214,0
DA:215,0
DA:218,0
DA:219,0
DA:226,0
DA:240,0
DA:243,0
DA:248,0
DA:251,0
DA:258,0
DA:265,0
DA:268,0
DA:269,0
DA:280,0
DA:286,0
DA:293,0
DA:302,0
DA:309,0
DA:314,0
DA:315,0
LF:87
LH:0
BRDA:33,0,0,0
BRDA:33,0,1,0
BRDA:34,1,0,0
BRDA:34,1,1,0
BRDA:39,2,0,0
BRDA:39,2,1,0
BRDA:39,3,0,0
BRDA:39,3,1,0
BRDA:62,4,0,0
BRDA:62,4,1,0
BRDA:68,5,0,0
BRDA:68,5,1,0
BRDA:74,6,0,0
BRDA:74,6,1,0
BRDA:75,7,0,0
BRDA:75,7,1,0
BRDA:80,8,0,0
BRDA:80,8,1,0
BRDA:81,9,0,0
BRDA:81,9,1,0
BRDA:82,10,0,0
BRDA:82,10,1,0
BRDA:91,11,0,0
BRDA:91,11,1,0
BRDA:91,12,0,0
BRDA:91,12,1,0
BRDA:97,13,0,0
BRDA:97,13,1,0
BRDA:104,14,0,0
BRDA:104,14,1,0
BRDA:112,15,0,0
BRDA:112,15,1,0
BRDA:112,16,0,0
BRDA:112,16,1,0
BRDA:112,17,0,0
BRDA:112,17,1,0
BRDA:119,18,0,0
BRDA:119,18,1,0
BRDA:119,19,0,0
BRDA:119,19,1,0
BRDA:119,19,2,0
BRDA:119,19,3,0
BRDA:127,20,0,0
BRDA:127,20,1,0
BRDA:148,21,0,0
BRDA:148,21,1,0
BRDA:148,21,2,0
BRDA:150,22,0,0
BRDA:150,22,1,0
BRDA:168,23,0,0
BRDA:168,23,1,0
BRDA:176,24,0,0
BRDA:176,24,1,0
BRDA:192,25,0,0
BRDA:192,25,1,0
BRDA:210,26,0,0
BRDA:210,26,1,0
BRDA:210,27,0,0
BRDA:210,27,1,0
BRDA:232,28,0,0
BRDA:232,28,1,0
BRDA:232,28,2,0
BRDA:232,28,3,0
BRDA:243,29,0,0
BRDA:243,29,1,0
BRDA:251,30,0,0
BRDA:251,30,1,0
BRDA:255,31,0,0
BRDA:255,31,1,0
BRDA:276,32,0,0
BRDA:276,32,1,0
BRDA:299,33,0,0
BRDA:299,33,1,0
BRF:73
BRH:0
end_of_record
TN:
SF:src/components/CommandPalette.tsx
FN:14,CommandPalette
FN:18,(anonymous_1)
FN:22,(anonymous_2)
FN:29,(anonymous_3)
FN:33,(anonymous_4)
FN:35,(anonymous_5)
FN:36,(anonymous_6)
FN:57,(anonymous_7)
FN:76,(anonymous_8)
FN:98,(anonymous_9)
FN:101,(anonymous_10)
FN:102,(anonymous_11)
FNF:12
FNH:0
FNDA:0,CommandPalette
FNDA:0,(anonymous_1)
FNDA:0,(anonymous_2)
FNDA:0,(anonymous_3)
FNDA:0,(anonymous_4)
FNDA:0,(anonymous_5)
FNDA:0,(anonymous_6)
FNDA:0,(anonymous_7)
FNDA:0,(anonymous_8)
FNDA:0,(anonymous_9)
FNDA:0,(anonymous_10)
FNDA:0,(anonymous_11)
DA:12,0
DA:15,0
DA:16,0
DA:18,0
DA:19,0
DA:22,0
DA:23,0
DA:26,0
DA:29,0
DA:30,0
DA:33,0
DA:34,0
DA:35,0
DA:36,0
DA:37,0
DA:38,0
DA:39,0
DA:43,0
DA:57,0
DA:76,0
DA:99,0
DA:101,0
DA:102,0
LF:23
LH:0
BRDA:34,0,0,0
BRDA:34,0,1,0
BRDA:35,1,0,0
BRDA:35,1,1,0
BRDA:36,2,0,0
BRDA:36,2,1,0
BRDA:37,3,0,0
BRDA:37,3,1,0
BRDA:39,4,0,0
BRDA:39,4,1,0
BRDA:93,5,0,0
BRDA:93,5,1,0
BRDA:109,6,0,0
BRDA:109,6,1,0
BRDA:110,7,0,0
BRDA:110,7,1,0
BRDA:131,8,0,0
BRDA:131,8,1,0
BRDA:134,9,0,0
BRDA:134,9,1,0
BRF:20
BRH:0
end_of_record
TN:
SF:src/components/EditPaneModal.tsx
FN:23,EditPaneModal
FN:35,(anonymous_1)
FN:47,(anonymous_2)
FN:48,(anonymous_3)
FN:53,(anonymous_4)
FN:58,(anonymous_5)
FN:59,(anonymous_6)
FN:63,(anonymous_7)
FN:69,(anonymous_8)
FN:75,(anonymous_9)
FN:93,(anonymous_10)
FN:128,(anonymous_11)
FN:132,(anonymous_12)
FN:147,(anonymous_13)
FN:200,(anonymous_14)
FN:214,(anonymous_15)
FN:228,(anonymous_16)
FN:234,(anonymous_17)
FN:249,(anonymous_18)
FN:263,(anonymous_19)
FN:283,(anonymous_20)
FN:309,(anonymous_21)
FN:313,(anonymous_22)
FNF:23
FNH:0
FNDA:0,EditPaneModal
FNDA:0,(anonymous_1)
FNDA:0,(anonymous_2)
FNDA:0,(anonymous_3)
FNDA:0,(anonymous_4)
FNDA:0,(anonymous_5)
FNDA:0,(anonymous_6)
FNDA:0,(anonymous_7)
FNDA:0,(anonymous_8)
FNDA:0,(anonymous_9)
FNDA:0,(anonymous_10)
FNDA:0,(anonymous_11)
FNDA:0,(anonymous_12)
FNDA:0,(anonymous_13)
FNDA:0,(anonymous_14)
FNDA:0,(anonymous_15)
FNDA:0,(anonymous_16)
FNDA:0,(anonymous_17)
FNDA:0,(anonymous_18)
FNDA:0,(anonymous_19)
FNDA:0,(anonymous_20)
FNDA:0,(anonymous_21)
FNDA:0,(anonymous_22)
DA:21,0
DA:24,0
DA:26,0
DA:27,0
DA:28,0
DA:30,0
DA:31,0
DA:32,0
DA:33,0
DA:35,0
DA:36,0
DA:37,0
DA:38,0
DA:39,0
DA:41,0
DA:42,0
DA:43,0
DA:44,0
DA:45,0
DA:46,0
DA:47,0
DA:48,0
DA:53,0
DA:54,0
DA:55,0
DA:56,0
DA:58,0
DA:59,0
DA:63,0
DA:64,0
DA:65,0
DA:66,0
DA:69,0
DA:70,0
DA:71,0
DA:72,0
DA:75,0
DA:76,0
DA:77,0
DA:79,0
DA:80,0
DA:88,0
DA:89,0
DA:90,0
DA:91,0
DA:92,0
DA:93,0
DA:96,0
DA:99,0
DA:112,0
DA:129,0
DA:132,0
DA:147,0
DA:200,0
DA:214,0
DA:228,0
DA:235,0
DA:236,0
DA:250,0
DA:251,0
DA:252,0
DA:253,0
DA:258,0
DA:263,0
DA:283,0
DA:310,0
DA:311,0
DA:314,0
DA:315,0
LF:69
LH:0
BRDA:26,0,0,0
BRDA:26,0,1,0
BRDA:30,1,0,0
BRDA:30,1,1,0
BRDA:31,2,0,0
BRDA:31,2,1,0
BRDA:32,3,0,0
BRDA:32,3,1,0
BRDA:36,4,0,0
BRDA:36,4,1,0
BRDA:37,5,0,0
BRDA:37,5,1,0
BRDA:38,6,0,0
BRDA:38,6,1,0
BRDA:39,7,0,0
BRDA:39,7,1,0
BRDA:41,8,0,0
BRDA:41,8,1,0
BRDA:44,9,0,0
BRDA:44,9,1,0
BRDA:44,10,0,0
BRDA:44,10,1,0
BRDA:54,11,0,0
BRDA:54,11,1,0
BRDA:77,12,0,0
BRDA:77,12,1,0
BRDA:77,13,0,0
BRDA:77,13,1,0
BRDA:79,14,0,0
BRDA:79,14,1,0
BRDA:84,15,0,0
BRDA:84,15,1,0
BRDA:85,16,0,0
BRDA:85,16,1,0
BRDA:91,17,0,0
BRDA:91,17,1,0
BRDA:91,18,0,0
BRDA:91,18,1,0
BRDA:113,19,0,0
BRDA:113,19,1,0
BRDA:115,20,0,0
BRDA:115,20,1,0
BRDA:115,21,0,0
BRDA:115,21,1,0
BRDA:121,22,0,0
BRDA:121,22,1,0
BRDA:155,23,0,0
BRDA:155,23,1,0
BRDA:208,24,0,0
BRDA:208,24,1,0
BRDA:236,25,0,0
BRDA:236,25,1,0
BRDA:249,26,0,0
BRDA:249,26,1,0
BRDA:252,27,0,0
BRDA:252,27,1,0
BRDA:265,28,0,0
BRDA:265,28,1,0
BRDA:280,29,0,0
BRDA:280,29,1,0
BRDA:318,30,0,0
BRDA:318,30,1,0
BRF:62
BRH:0
end_of_record
TN:
SF:src/components/SettingsPanel.tsx
FN:29,SettingsPanel
FN:42,(anonymous_1)
FN:53,(anonymous_2)
FN:54,(anonymous_3)
FN:57,(anonymous_4)
FN:59,(anonymous_5)
FN:69,(anonymous_6)
FN:73,(anonymous_7)
FN:81,(anonymous_8)
FN:86,(anonymous_9)
FN:98,(anonymous_10)
FN:112,(anonymous_11)
FN:122,(anonymous_12)
FN:133,(anonymous_13)
FN:134,(anonymous_14)
FN:154,(anonymous_15)
FN:155,(anonymous_16)
FN:173,(anonymous_17)
FN:183,(anonymous_18)
FN:189,(anonymous_19)
FN:220,(anonymous_20)
FN:221,(anonymous_21)
FN:230,(anonymous_22)
FN:231,(anonymous_23)
FN:240,(anonymous_24)
FN:241,(anonymous_25)
FN:247,(anonymous_26)
FN:248,(anonymous_27)
FN:260,(anonymous_28)
FN:289,(anonymous_29)
FN:299,(anonymous_30)
FN:301,(anonymous_31)
FN:303,(anonymous_32)
FN:321,(anonymous_33)
FN:322,(anonymous_34)
FN:328,(anonymous_35)
FN:330,(anonymous_36)
FN:343,(anonymous_37)
FN:343,(anonymous_38)
FN:359,(anonymous_39)
FN:362,(anonymous_40)
FN:362,(anonymous_41)
FN:367,(anonymous_42)
FN:372,(anonymous_43)
FN:373,(anonymous_44)
FN:380,(anonymous_45)
FN:385,(anonymous_46)
FN:388,(anonymous_47)
FN:388,(anonymous_48)
FN:393,(anonymous_49)
FN:395,(anonymous_50)
FN:396,(anonymous_51)
FN:410,(anonymous_52)
FN:415,(anonymous_53)
FN:417,(anonymous_54)
FN:450,(anonymous_55)
FN:457,(anonymous_56)
FN:467,(anonymous_57)
FN:480,(anonymous_58)
FN:493,(anonymous_59)
FN:496,(anonymous_60)
FN:515,(anonymous_61)
FN:537,(anonymous_62)
FN:557,(anonymous_63)
FN:576,(anonymous_64)
FN:590,(anonymous_65)
FN:608,(anonymous_66)
FN:637,(anonymous_67)
FN:638,(anonymous_68)
FNF:69
FNH:0
FNDA:0,SettingsPanel
FNDA:0,(anonymous_1)
FNDA:0,(anonymous_2)
FNDA:0,(anonymous_3)
FNDA:0,(anonymous_4)
FNDA:0,(anonymous_5)
FNDA:0,(anonymous_6)
FNDA:0,(anonymous_7)
FNDA:0,(anonymous_8)
FNDA:0,(anonymous_9)
FNDA:0,(anonymous_10)
FNDA:0,(anonymous_11)
FNDA:0,(anonymous_12)
FNDA:0,(anonymous_13)
FNDA:0,(anonymous_14)
FNDA:0,(anonymous_15)
FNDA:0,(anonymous_16)
FNDA:0,(anonymous_17)
FNDA:0,(anonymous_18)
FNDA:0,(anonymous_19)
FNDA:0,(anonymous_20)
FNDA:0,(anonymous_21)
FNDA:0,(anonymous_22)
FNDA:0,(anonymous_23)
FNDA:0,(anonymous_24)
FNDA:0,(anonymous_25)
FNDA:0,(anonymous_26)
FNDA:0,(anonymous_27)
FNDA:0,(anonymous_28)
FNDA:0,(anonymous_29)
FNDA:0,(anonymous_30)
FNDA:0,(anonymous_31)
FNDA:0,(anonymous_32)
FNDA:0,(anonymous_33)
FNDA:0,(anonymous_34)
FNDA:0,(anonymous_35)
FNDA:0,(anonymous_36)
FNDA:0,(anonymous_37)
FNDA:0,(anonymous_38)
FNDA:0,(anonymous_39)
FNDA:0,(anonymous_40)
FNDA:0,(anonymous_41)
FNDA:0,(anonymous_42)
FNDA:0,(anonymous_43)
FNDA:0,(anonymous_44)
FNDA:0,(anonymous_45)
FNDA:0,(anonymous_46)
FNDA:0,(anonymous_47)
FNDA:0,(anonymous_48)
FNDA:0,(anonymous_49)
FNDA:0,(anonymous_50)
FNDA:0,(anonymous_51)
FNDA:0,(anonymous_52)
FNDA:0,(anonymous_53)
FNDA:0,(anonymous_54)
FNDA:0,(anonymous_55)
FNDA:0,(anonymous_56)
FNDA:0,(anonymous_57)
FNDA:0,(anonymous_58)
FNDA:0,(anonymous_59)
FNDA:0,(anonymous_60)
FNDA:0,(anonymous_61)
FNDA:0,(anonymous_62)
FNDA:0,(anonymous_63)
FNDA:0,(anonymous_64)
FNDA:0,(anonymous_65)
FNDA:0,(anonymous_66)
FNDA:0,(anonymous_67)
FNDA:0,(anonymous_68)
DA:20,0
DA:25,0
DA:36,0
DA:39,0
DA:40,0
DA:41,0
DA:42,0
DA:43,0
DA:44,0
DA:47,0
DA:48,0
DA:49,0
DA:50,0
DA:51,0
DA:53,0
DA:54,0
DA:56,0
DA:57,0
DA:58,0
DA:63,0
DA:64,0
DA:65,0
DA:66,0
DA:68,0
DA:69,0
DA:70,0
DA:71,0
DA:73,0
DA:74,0
DA:75,0
DA:77,0
DA:81,0
DA:82,0
DA:83,0
DA:86,0
DA:87,0
DA:88,0
DA:89,0
DA:90,0
DA:92,0
DA:93,0
DA:94,0
DA:98,0
DA:99,0
DA:100,0
DA:102,0
DA:106,0
DA:112,0
DA:117,0
DA:122,0
DA:133,0
DA:134,0
DA:148,0
DA:155,0
DA:173,0
DA:184,0
DA:185,0
DA:186,0
DA:189,0
DA:221,0
DA:230,0
DA:231,0
DA:241,0
DA:247,0
DA:248,0
DA:260,0
DA:290,0
DA:300,0
DA:301,0
DA:303,0
DA:304,0
DA:305,0
DA:313,0
DA:314,0
DA:315,0
DA:316,0
DA:317,0
DA:318,0
DA:321,0
DA:322,0
DA:323,0
DA:324,0
DA:325,0
DA:328,0
DA:329,0
DA:330,0
DA:331,0
DA:332,0
DA:333,0
DA:334,0
DA:337,0
DA:343,0
DA:360,0
DA:362,0
DA:367,0
DA:372,0
DA:373,0
DA:381,0
DA:386,0
DA:388,0
DA:393,0
DA:395,0
DA:396,0
DA:410,0
DA:415,0
DA:417,0
DA:450,0
DA:457,0
DA:467,0
DA:480,0
DA:494,0
DA:496,0
DA:515,0
DA:537,0
DA:557,0
DA:576,0
DA:590,0
DA:608,0
DA:637,0
DA:638,0
LF:120
LH:0
BRDA:41,0,0,0
BRDA:41,0,1,0
BRDA:70,1,0,0
BRDA:70,1,1,0
BRDA:70,2,0,0
BRDA:70,2,1,0
BRDA:71,3,0,0
BRDA:71,3,1,0
BRDA:74,4,0,0
BRDA:74,4,1,0
BRDA:82,5,0,0
BRDA:82,5,1,0
BRDA:83,6,0,0
BRDA:83,6,1,0
BRDA:87,7,0,0
BRDA:87,7,1,0
BRDA:93,8,0,0
BRDA:93,8,1,0
BRDA:99,9,0,0
BRDA:99,9,1,0
BRDA:120,10,0,0
BRDA:120,10,1,0
BRDA:120,10,2,0
BRDA:140,11,0,0
BRDA:140,11,1,0
BRDA:140,11,2,0
BRDA:157,12,0,0
BRDA:157,12,1,0
BRDA:158,13,0,0
BRDA:158,13,1,0
BRDA:164,14,0,0
BRDA:164,14,1,0
BRDA:177,15,0,0
BRDA:177,15,1,0
BRDA:178,16,0,0
BRDA:178,16,1,0
BRDA:185,17,0,0
BRDA:185,17,1,0
BRDA:193,18,0,0
BRDA:193,18,1,0
BRDA:194,19,0,0
BRDA:194,19,1,0
BRDA:201,20,0,0
BRDA:201,20,1,0
BRDA:211,21,0,0
BRDA:211,21,1,0
BRDA:217,22,0,0
BRDA:217,22,1,0
BRDA:224,23,0,0
BRDA:224,23,1,0
BRDA:225,24,0,0
BRDA:225,24,1,0
BRDA:227,25,0,0
BRDA:227,25,1,0
BRDA:231,26,0,0
BRDA:231,26,1,0
BRDA:243,27,0,0
BRDA:243,27,1,0
BRDA:244,28,0,0
BRDA:244,28,1,0
BRDA:247,29,0,0
BRDA:247,29,1,0
BRDA:248,30,0,0
BRDA:248,30,1,0
BRDA:271,31,0,0
BRDA:271,31,1,0
BRDA:299,32,0,0
BRDA:299,32,1,0
BRDA:304,33,0,0
BRDA:304,33,1,0
BRDA:304,34,0,0
BRDA:304,34,1,0
BRDA:309,35,0,0
BRDA:309,35,1,0
BRDA:329,36,0,0
BRDA:329,36,1,0
BRDA:330,37,0,0
BRDA:330,37,1,0
BRDA:351,38,0,0
BRDA:351,38,1,0
BRDA:382,39,0,0
BRDA:382,39,1,0
BRDA:388,40,0,0
BRDA:388,40,1,0
BRDA:388,41,0,0
BRDA:388,41,1,0
BRDA:404,42,0,0
BRDA:404,42,1,0
BRDA:407,43,0,0
BRDA:407,43,1,0
BRDA:426,44,0,0
BRDA:426,44,1,0
BRDA:436,45,0,0
BRDA:436,45,1,0
BRDA:436,45,2,0
BRDA:442,46,0,0
BRDA:442,46,1,0
BRDA:449,47,0,0
BRDA:449,47,1,0
BRDA:449,48,0,0
BRDA:449,48,1,0
BRDA:449,49,0,0
BRDA:449,49,1,0
BRDA:502,50,0,0
BRDA:502,50,1,0
BRDA:505,51,0,0
BRDA:505,51,1,0
BRDA:521,52,0,0
BRDA:521,52,1,0
BRDA:522,53,0,0
BRDA:522,53,1,0
BRDA:525,54,0,0
BRDA:525,54,1,0
BRDA:531,55,0,0
BRDA:531,55,1,0
BRDA:536,56,0,0
BRDA:536,56,1,0
BRDA:599,57,0,0
BRDA:599,57,1,0
BRDA:640,58,0,0
BRDA:640,58,1,0
BRF:121
BRH:0
end_of_record
TN:
SF:src/components/Sidebar.tsx
FN:21,Sidebar
FN:30,(anonymous_1)
FN:35,(anonymous_2)
FN:40,(anonymous_3)
FN:46,(anonymous_4)
FN:54,(anonymous_5)
FN:62,(anonymous_6)
FN:63,(anonymous_7)
FN:73,(anonymous_8)
FN:92,(anonymous_9)
FN:101,(anonymous_10)
FN:103,(anonymous_11)
FN:104,(anonymous_12)
FN:105,(anonymous_13)
FN:107,(anonymous_14)
FN:108,(anonymous_15)
FN:109,(anonymous_16)
FN:110,(anonymous_17)
FN:148,(anonymous_18)
FN:155,(anonymous_19)
FN:156,(anonymous_20)
FN:160,(anonymous_21)
FN:167,(anonymous_22)
FN:168,(anonymous_23)
FN:225,(anonymous_24)
FN:226,(anonymous_25)
FN:229,(anonymous_26)
FN:230,(anonymous_27)
FN:231,(anonymous_28)
FN:232,(anonymous_29)
FN:236,(anonymous_30)
FN:242,(anonymous_31)
FN:246,(anonymous_32)
FN:247,(anonymous_33)
FNF:34
FNH:0
FNDA:0,Sidebar
FNDA:0,(anonymous_1)
FNDA:0,(anonymous_2)
FNDA:0,(anonymous_3)
FNDA:0,(anonymous_4)
FNDA:0,(anonymous_5)
FNDA:0,(anonymous_6)
FNDA:0,(anonymous_7)
FNDA:0,(anonymous_8)
FNDA:0,(anonymous_9)
FNDA:0,(anonymous_10)
FNDA:0,(anonymous_11)
FNDA:0,(anonymous_12)
FNDA:0,(anonymous_13)
FNDA:0,(anonymous_14)
FNDA:0,(anonymous_15)
FNDA:0,(anonymous_16)
FNDA:0,(anonymous_17)
FNDA:0,(anonymous_18)
FNDA:0,(anonymous_19)
FNDA:0,(anonymous_20)
FNDA:0,(anonymous_21)
FNDA:0,(anonymous_22)
FNDA:0,(anonymous_23)
FNDA:0,(anonymous_24)
FNDA:0,(anonymous_25)
FNDA:0,(anonymous_26)
FNDA:0,(anonymous_27)
FNDA:0,(anonymous_28)
FNDA:0,(anonymous_29)
FNDA:0,(anonymous_30)
FNDA:0,(anonymous_31)
FNDA:0,(anonymous_32)
FNDA:0,(anonymous_33)
DA:22,0
DA:23,0
DA:24,0
DA:25,0
DA:26,0
DA:27,0
DA:28,0
DA:30,0
DA:31,0
DA:32,0
DA:35,0
DA:36,0
DA:37,0
DA:40,0
DA:41,0
DA:42,0
DA:43,0
DA:46,0
DA:47,0
DA:48,0
DA:49,0
DA:50,0
DA:54,0
DA:55,0
DA:56,0
DA:57,0
DA:58,0
DA:59,0
DA:60,0
DA:62,0
DA:63,0
DA:64,0
DA:65,0
DA:66,0
DA:67,0
DA:68,0
DA:69,0
DA:70,0
DA:73,0
DA:74,0
DA:75,0
DA:76,0
DA:79,0
DA:93,0
DA:94,0
DA:95,0
DA:96,0
DA:97,0
DA:101,0
DA:103,0
DA:104,0
DA:105,0
DA:107,0
DA:108,0
DA:109,0
DA:110,0
DA:148,0
DA:155,0
DA:156,0
DA:160,0
DA:167,0
DA:168,0
DA:226,0
DA:227,0
DA:228,0
DA:229,0
DA:230,0
DA:231,0
DA:232,0
DA:234,0
DA:236,0
DA:243,0
DA:246,0
DA:247,0
LF:74
LH:0
BRDA:21,0,0,0
BRDA:21,1,0,0
BRDA:23,2,0,0
BRDA:23,2,1,0
BRDA:42,3,0,0
BRDA:42,3,1,0
BRDA:43,4,0,0
BRDA:43,4,1,0
BRDA:47,5,0,0
BRDA:47,5,1,0
BRDA:48,6,0,0
BRDA:48,6,1,0
BRDA:50,7,0,0
BRDA:50,7,1,0
BRDA:57,8,0,0
BRDA:57,8,1,0
BRDA:57,9,0,0
BRDA:57,9,1,0
BRDA:64,10,0,0
BRDA:64,10,1,0
BRDA:64,11,0,0
BRDA:64,11,1,0
BRDA:118,12,0,0
BRDA:118,12,1,0
BRDA:119,13,0,0
BRDA:119,13,1,0
BRDA:119,14,0,0
BRDA:119,14,1,0
BRDA:121,15,0,0
BRDA:121,15,1,0
BRDA:123,16,0,0
BRDA:123,16,1,0
BRDA:124,17,0,0
BRDA:124,17,1,0
BRDA:124,18,0,0
BRDA:124,18,1,0
BRDA:129,19,0,0
BRDA:129,19,1,0
BRDA:136,20,0,0
BRDA:136,20,1,0
BRDA:140,21,0,0
BRDA:140,21,1,0
BRDA:140,22,0,0
BRDA:140,22,1,0
BRDA:141,23,0,0
BRDA:141,23,1,0
BRDA:145,24,0,0
BRDA:145,24,1,0
BRDA:225,25,0,0
BRDA:225,25,1,0
BRDA:227,26,0,0
BRDA:227,26,1,0
BRDA:245,27,0,0
BRDA:245,27,1,0
BRF:54
BRH:0
end_of_record
TN:
SF:src/components/SingleShell.tsx
FN:18,SingleShell
FN:27,(anonymous_1)
FN:59,(anonymous_2)
FN:69,(anonymous_3)
FN:73,(anonymous_4)
FN:78,(anonymous_5)
FN:79,(anonymous_6)
FN:81,(anonymous_7)
FN:94,(anonymous_8)
FN:98,(anonymous_9)
FN:105,(anonymous_10)
FN:107,(anonymous_11)
FN:111,(anonymous_12)
FN:125,(anonymous_13)
FN:144,(anonymous_14)
FN:157,(anonymous_15)
FN:162,(anonymous_16)
FN:174,(anonymous_17)
FNF:18
FNH:0
FNDA:0,SingleShell
FNDA:0,(anonymous_1)
FNDA:0,(anonymous_2)
FNDA:0,(anonymous_3)
FNDA:0,(anonymous_4)
FNDA:0,(anonymous_5)
FNDA:0,(anonymous_6)
FNDA:0,(anonymous_7)
FNDA:0,(anonymous_8)
FNDA:0,(anonymous_9)
FNDA:0,(anonymous_10)
FNDA:0,(anonymous_11)
FNDA:0,(anonymous_12)
FNDA:0,(anonymous_13)
FNDA:0,(anonymous_14)
FNDA:0,(anonymous_15)
FNDA:0,(anonymous_16)
FNDA:0,(anonymous_17)
DA:19,0
DA:20,0
DA:21,0
DA:22,0
DA:23,0
DA:24,0
DA:27,0
DA:28,0
DA:29,0
DA:30,0
DA:32,0
DA:55,0
DA:56,0
DA:59,0
DA:60,0
DA:63,0
DA:64,0
DA:66,0
DA:69,0
DA:70,0
DA:71,0
DA:73,0
DA:77,0
DA:78,0
DA:79,0
DA:80,0
DA:82,0
DA:83,0
DA:85,0
DA:86,0
DA:94,0
DA:98,0
DA:100,0
DA:101,0
DA:105,0
DA:106,0
DA:107,0
DA:109,0
DA:111,0
DA:112,0
DA:113,0
DA:114,0
DA:115,0
DA:116,0
DA:119,0
DA:120,0
DA:125,0
DA:126,0
DA:127,0
DA:128,0
DA:140,0
DA:144,0
DA:145,0
DA:146,0
DA:147,0
DA:148,0
DA:149,0
DA:150,0
DA:151,0
DA:152,0
DA:153,0
DA:157,0
DA:158,0
DA:159,0
DA:160,0
DA:161,0
DA:162,0
DA:163,0
DA:164,0
DA:170,0
DA:174,0
LF:71
LH:0
BRDA:18,0,0,0
BRDA:29,1,0,0
BRDA:29,1,1,0
BRDA:35,2,0,0
BRDA:35,2,1,0
BRDA:71,3,0,0
BRDA:71,3,1,0
BRDA:83,4,0,0
BRDA:83,4,1,0
BRDA:100,5,0,0
BRDA:100,5,1,0
BRDA:127,6,0,0
BRDA:127,6,1,0
BRDA:146,7,0,0
BRDA:146,7,1,0
BRDA:147,8,0,0
BRDA:147,8,1,0
BRDA:153,9,0,0
BRDA:153,9,1,0
BRDA:158,10,0,0
BRDA:158,10,1,0
BRDA:161,11,0,0
BRDA:161,11,1,0
BRDA:161,12,0,0
BRDA:161,12,1,0
BRF:25
BRH:0
end_of_record
TN:
SF:src/components/StatusBar.tsx
FN:18,StatusBar
FN:20,(anonymous_1)
FN:26,(anonymous_2)
FN:27,(anonymous_3)
FN:28,(anonymous_4)
FN:31,(anonymous_5)
FN:32,(anonymous_6)
FN:32,(anonymous_7)
FN:32,(anonymous_8)
FN:35,(anonymous_9)
FN:38,(anonymous_10)
FN:45,(anonymous_11)
FN:49,(anonymous_12)
FN:54,(anonymous_13)
FN:55,(anonymous_14)
FN:59,(anonymous_15)
FNF:16
FNH:0
FNDA:0,StatusBar
FNDA:0,(anonymous_1)
FNDA:0,(anonymous_2)
FNDA:0,(anonymous_3)
FNDA:0,(anonymous_4)
FNDA:0,(anonymous_5)
FNDA:0,(anonymous_6)
FNDA:0,(anonymous_7)
FNDA:0,(anonymous_8)
FNDA:0,(anonymous_9)
FNDA:0,(anonymous_10)
FNDA:0,(anonymous_11)
FNDA:0,(anonymous_12)
FNDA:0,(anonymous_13)
FNDA:0,(anonymous_14)
FNDA:0,(anonymous_15)
DA:19,0
DA:20,0
DA:21,0
DA:22,0
DA:24,0
DA:26,0
DA:27,0
DA:28,0
DA:31,0
DA:32,0
DA:33,0
DA:34,0
DA:35,0
DA:38,0
DA:39,0
DA:40,0
DA:42,0
DA:43,0
DA:44,0
DA:45,0
DA:46,0
DA:47,0
DA:48,0
DA:50,0
DA:51,0
DA:52,0
DA:54,0
DA:55,0
DA:57,0
DA:58,0
DA:59,0
DA:62,0
LF:32
LH:0
BRDA:39,0,0,0
BRDA:39,0,1,0
BRDA:43,1,0,0
BRDA:43,1,1,0
BRDA:46,2,0,0
BRDA:46,2,1,0
BRDA:50,3,0,0
BRDA:50,3,1,0
BRDA:54,4,0,0
BRDA:54,4,1,0
BRDA:78,5,0,0
BRDA:78,5,1,0
BRDA:79,6,0,0
BRDA:79,6,1,0
BRDA:90,7,0,0
BRDA:90,7,1,0
BRDA:91,8,0,0
BRDA:91,8,1,0
BRDA:96,9,0,0
BRDA:96,9,1,0
BRDA:102,10,0,0
BRDA:102,10,1,0
BRDA:103,11,0,0
BRDA:103,11,1,0
BRDA:105,12,0,0
BRDA:105,12,1,0
BRDA:106,13,0,0
BRDA:106,13,1,0
BRDA:110,14,0,0
BRDA:110,14,1,0
BRDA:111,15,0,0
BRDA:111,15,1,0
BRF:32
BRH:0
end_of_record
TN:
SF:src/components/Terminal.tsx
FN:19,Terminal
FN:28,(anonymous_1)
FN:41,(anonymous_2)
FN:70,(anonymous_3)
FN:72,(anonymous_4)
FN:80,(anonymous_5)
FN:124,(anonymous_6)
FN:131,(anonymous_7)
FN:138,(anonymous_8)
FN:143,(anonymous_9)
FN:150,(anonymous_10)
FN:155,(anonymous_11)
FN:169,(anonymous_12)
FN:172,(anonymous_13)
FN:175,(anonymous_14)
FN:179,(anonymous_15)
FN:192,(anonymous_16)
FN:194,(anonymous_17)
FN:202,(anonymous_18)
FN:220,(anonymous_19)
FNF:20
FNH:0
FNDA:0,Terminal
FNDA:0,(anonymous_1)
FNDA:0,(anonymous_2)
FNDA:0,(anonymous_3)
FNDA:0,(anonymous_4)
FNDA:0,(anonymous_5)
FNDA:0,(anonymous_6)
FNDA:0,(anonymous_7)
FNDA:0,(anonymous_8)
FNDA:0,(anonymous_9)
FNDA:0,(anonymous_10)
FNDA:0,(anonymous_11)
FNDA:0,(anonymous_12)
FNDA:0,(anonymous_13)
FNDA:0,(anonymous_14)
FNDA:0,(anonymous_15)
FNDA:0,(anonymous_16)
FNDA:0,(anonymous_17)
FNDA:0,(anonymous_18)
FNDA:0,(anonymous_19)
DA:20,0
DA:21,0
DA:22,0
DA:23,0
DA:24,0
DA:25,0
DA:28,0
DA:29,0
DA:30,0
DA:31,0
DA:32,0
DA:33,0
DA:34,0
DA:35,0
DA:36,0
DA:37,0
DA:41,0
DA:42,0
DA:43,0
DA:66,0
DA:70,0
DA:71,0
DA:72,0
DA:73,0
DA:74,0
DA:80,0
DA:81,0
DA:82,0
DA:83,0
DA:85,0
DA:87,0
DA:120,0
DA:121,0
DA:124,0
DA:125,0
DA:128,0
DA:131,0
DA:132,0
DA:133,0
DA:135,0
DA:136,0
DA:138,0
DA:139,0
DA:140,0
DA:143,0
DA:144,0
DA:145,0
DA:146,0
DA:153,0
DA:155,0
DA:159,0
DA:160,0
DA:163,0
DA:164,0
DA:168,0
DA:170,0
DA:171,0
DA:172,0
DA:173,0
DA:176,0
DA:177,0
DA:180,0
DA:181,0
DA:183,0
DA:184,0
DA:185,0
DA:186,0
DA:193,0
DA:195,0
DA:196,0
DA:197,0
DA:202,0
DA:203,0
DA:204,0
DA:205,0
DA:206,0
DA:207,0
DA:208,0
DA:209,0
DA:213,0
DA:220,0
LF:81
LH:0
BRDA:19,0,0,0
BRDA:29,1,0,0
BRDA:29,1,1,0
BRDA:31,2,0,0
BRDA:31,2,1,0
BRDA:37,3,0,0
BRDA:37,3,1,0
BRDA:42,4,0,0
BRDA:42,4,1,0
BRDA:71,5,0,0
BRDA:71,5,1,0
BRDA:71,6,0,0
BRDA:71,6,1,0
BRDA:71,6,2,0
BRDA:82,7,0,0
BRDA:82,7,1,0
BRDA:90,8,0,0
BRDA:90,8,1,0
BRDA:133,9,0,0
BRDA:133,9,1,0
BRDA:140,10,0,0
BRDA:140,10,1,0
BRDA:144,11,0,0
BRDA:144,11,1,0
BRDA:159,12,0,0
BRDA:159,12,1,0
BRDA:170,13,0,0
BRDA:170,13,1,0
BRDA:176,14,0,0
BRDA:176,14,1,0
BRDA:183,15,0,0
BRDA:183,15,1,0
BRDA:195,16,0,0
BRDA:195,16,1,0
BRDA:205,17,0,0
BRDA:205,17,1,0
BRDA:206,18,0,0
BRDA:206,18,1,0
BRF:38
BRH:0
end_of_record
TN:
SF:src/components/ui/CloseButton.tsx
FN:8,CloseButton
FN:22,(anonymous_1)
FN:23,(anonymous_2)
FNF:3
FNH:0
FNDA:0,CloseButton
FNDA:0,(anonymous_1)
FNDA:0,(anonymous_2)
DA:9,0
DA:22,0
DA:23,0
LF:3
LH:0
BRF:0
BRH:0
end_of_record
TN:
SF:src/components/ui/FolderButton.tsx
FN:8,FolderButton
FN:9,(anonymous_1)
FNF:2
FNH:0
FNDA:0,FolderButton
FNDA:0,(anonymous_1)
DA:9,0
DA:10,0
DA:11,0
DA:14,0
LF:4
LH:0
BRDA:11,0,0,0
BRDA:11,0,1,0
BRF:2
BRH:0
end_of_record
TN:
SF:src/components/ui/Modal.tsx
FN:11,Modal
FN:13,(anonymous_1)
FN:14,(anonymous_2)
FN:22,(anonymous_3)
FN:41,(anonymous_4)
FN:42,(anonymous_5)
FN:59,(anonymous_6)
FN:60,(anonymous_7)
FNF:8
FNH:0
FNDA:0,Modal
FNDA:0,(anonymous_1)
FNDA:0,(anonymous_2)
FNDA:0,(anonymous_3)
FNDA:0,(anonymous_4)
FNDA:0,(anonymous_5)
FNDA:0,(anonymous_6)
FNDA:0,(anonymous_7)
DA:13,0
DA:14,0
DA:15,0
DA:16,0
DA:17,0
DA:18,0
DA:21,0
DA:22,0
DA:25,0
DA:41,0
DA:42,0
DA:59,0
DA:60,0
LF:13
LH:0
BRDA:11,0,0,0
BRDA:15,1,0,0
BRDA:15,1,1,0
BRDA:42,2,0,0
BRDA:42,2,1,0
BRF:5
BRH:0
end_of_record
TN:
SF:src/hooks/useKeyboardShortcuts.ts
FN:20,useKeyboardShortcuts
FN:25,(anonymous_1)
FN:26,(anonymous_2)
FN:88,(anonymous_3)
FNF:4
FNH:0
FNDA:0,useKeyboardShortcuts
FNDA:0,(anonymous_1)
FNDA:0,(anonymous_2)
FNDA:0,(anonymous_3)
DA:22,0
DA:23,0
DA:25,0
DA:26,0
DA:27,0
DA:28,0
DA:29,0
DA:31,0
DA:32,0
DA:34,0
DA:35,0
DA:36,0
DA:37,0
DA:40,0
DA:42,0
DA:44,0
DA:45,0
DA:46,0
DA:47,0
DA:50,0
DA:52,0
DA:53,0
DA:54,0
DA:56,0
DA:57,0
DA:58,0
DA:60,0
DA:61,0
DA:63,0
DA:64,0
DA:66,0
DA:67,0
DA:69,0
DA:70,0
DA:72,0
DA:73,0
DA:75,0
DA:76,0
DA:79,0
DA:80,0
DA:82,0
DA:83,0
DA:87,0
DA:88,0
LF:44
LH:0
BRDA:32,0,0,0
BRDA:32,0,1,0
BRDA:34,1,0,0
BRDA:34,1,1,0
BRDA:40,2,0,0
BRDA:40,2,1,0
BRDA:40,3,0,0
BRDA:40,3,1,0
BRDA:42,4,0,0
BRDA:42,4,1,0
BRDA:44,5,0,0
BRDA:44,5,1,0
BRDA:44,6,0,0
BRDA:44,6,1,0
BRDA:44,6,2,0
BRDA:50,7,0,0
BRDA:50,7,1,0
BRDA:50,7,2,0
BRDA:50,7,3,0
BRDA:50,7,4,0
BRDA:50,7,5,0
BRDA:50,7,6,0
BRDA:50,7,7,0
BRDA:50,7,8,0
BRDA:50,7,9,0
BRDA:50,7,10,0
BRDA:52,8,0,0
BRDA:52,8,1,0
BRDA:56,9,0,0
BRDA:56,9,1,0
BRDA:60,10,0,0
BRDA:60,10,1,0
BRDA:63,11,0,0
BRDA:63,11,1,0
BRDA:69,12,0,0
BRDA:69,12,1,0
BRDA:72,13,0,0
BRDA:72,13,1,0
BRDA:75,14,0,0
BRDA:75,14,1,0
BRF:40
BRH:0
end_of_record
TN:
SF:src/storage/fs.ts
FN:11,chatshDir
FN:19,readJsonFile
FN:31,writeJsonFile
FN:33,(anonymous_3)
FN:43,writeJsonFileImmediate
FNF:5
FNH:0
FNDA:0,chatshDir
FNDA:0,readJsonFile
FNDA:0,writeJsonFile
FNDA:0,(anonymous_3)
FNDA:0,writeJsonFileImmediate
DA:9,0
DA:12,0
DA:13,0
DA:14,0
DA:16,0
DA:20,0
DA:21,0
DA:22,0
DA:23,0
DA:25,0
DA:29,0
DA:32,0
DA:33,0
DA:34,0
DA:35,0
DA:36,0
DA:38,0
DA:44,0
DA:45,0
DA:46,0
LF:20
LH:0
BRDA:12,0,0,0
BRDA:12,0,1,0
BRDA:31,1,0,0
BRF:3
BRH:0
end_of_record
TN:
SF:src/storage/index.ts
FNF:0
FNH:0
LF:0
LH:0
BRF:0
BRH:0
end_of_record
TN:
SF:src/storage/migrate.ts
FN:7,migrateFromLocalStorage
FNF:1
FNH:1
FNDA:7,migrateFromLocalStorage
DA:13,7
DA:14,7
DA:15,7
DA:16,2
DA:17,2
DA:18,2
DA:24,5
DA:25,5
DA:26,5
DA:27,2
DA:28,2
DA:29,1
DA:30,1
DA:34,4
LF:14
LH:14
BRDA:26,0,0,2
BRDA:26,0,1,3
BRF:2
BRH:2
end_of_record
TN:
SF:src/storage/panesStore.ts
FN:35,loadPanesFromLocalStorage
FN:39,(anonymous_1)
FN:45,loadPanesWithMigration
FN:49,(anonymous_3)
FN:55,(anonymous_4)
FN:64,savePanes
FNF:6
FNH:6
FNDA:6,loadPanesFromLocalStorage
FNDA:4,(anonymous_1)
FNDA:5,loadPanesWithMigration
FNDA:1,(anonymous_3)
FNDA:1,(anonymous_4)
FNDA:3,savePanes
DA:17,1
DA:36,6
DA:37,6
DA:38,6
DA:39,4
DA:42,3
DA:47,5
DA:48,5
DA:49,2
DA:53,3
DA:54,3
DA:55,1
DA:56,1
DA:57,1
DA:61,2
DA:65,3
LF:16
LH:16
BRDA:38,0,0,4
BRDA:38,0,1,2
BRDA:48,1,0,2
BRDA:48,1,1,3
BRDA:54,2,0,1
BRDA:54,2,1,2
BRF:6
BRH:6
end_of_record
TN:
SF:src/storage/settingsStore.ts
FN:40,(anonymous_0)
FN:90,(anonymous_1)
FN:97,(anonymous_2)
FNF:3
FNH:0
FNDA:0,(anonymous_0)
FNDA:0,(anonymous_1)
FNDA:0,(anonymous_2)
DA:33,0
DA:42,0
DA:43,0
DA:44,0
DA:45,0
DA:46,0
DA:47,0
DA:48,0
DA:52,0
DA:53,0
DA:54,0
DA:55,0
DA:56,0
DA:57,0
DA:59,0
DA:60,0
DA:61,0
DA:63,0
DA:64,0
DA:65,0
DA:66,0
DA:71,0
DA:72,0
DA:73,0
DA:74,0
DA:75,0
DA:78,0
DA:79,0
DA:80,0
DA:81,0
DA:82,0
DA:86,0
DA:91,0
DA:93,0
DA:98,0
DA:102,0
LF:36
LH:0
BRDA:63,0,0,0
BRDA:63,0,1,0
BRDA:73,1,0,0
BRDA:73,1,1,0
BRDA:80,2,0,0
BRDA:80,2,1,0
BRF:6
BRH:0
end_of_record
